<?xml version="1.0" encoding="UTF-8"?>
<!-- Generated by org.testng.reporters.JUnitReportReporter -->
<testsuite hostname="LAPTOP-BN76O9L7" failures="0" tests="2" name="com.bank.faisal.App" time="19.596" errors="0" timestamp="4 Jun 2022 05:59:29 GMT">
  <testcase classname="com.bank.faisal.App" name="testAirAsia" time="12.941"/>
  <testcase classname="com.bank.faisal.App" name="test" time="6.655"/>
</testsuite> <!-- com.bank.faisal.App -->
